<?xml version="1.0" encoding="UTF-8"?>
<!-- Generated by org.testng.reporters.JUnitReportReporter -->
<testsuite hostname="DESKTOP-8OKUT90" failures="0" tests="1" name="com.sample.test.demo.tests.PizzaPlaceOrderTest" time="1.898" errors="0" timestamp="14 Dec 2021 12:13:24 GMT" skipped="0">
  <testcase classname="com.sample.test.demo.tests.PizzaPlaceOrderTest" name="verifyPlaceOrderTest" time="1.898"/>
</testsuite> <!-- com.sample.test.demo.tests.PizzaPlaceOrderTest -->
