<?xml version="1.0" encoding="UTF-8"?>
<!-- Generated by org.testng.reporters.JUnitReportReporter -->
<testsuite hostname="DESKTOP-8OKUT90" failures="0" tests="1" name="com.sample.test.demo.tests.PizzaOrderCostTest" time="0.830" errors="0" timestamp="14 Dec 2021 11:38:34 GMT" skipped="0">
  <testcase classname="com.sample.test.demo.tests.PizzaOrderCostTest" name="verifyPizzaOrderCostTest" time="0.830"/>
</testsuite> <!-- com.sample.test.demo.tests.PizzaOrderCostTest -->
