<?xml version="1.0" encoding="UTF-8"?>
<!-- Generated by org.testng.reporters.JUnitReportReporter -->
<testsuite hostname="DESKTOP-8OKUT90" failures="0" tests="1" name="com.sample.test.demo.tests.DemoTest" time="0.018" errors="0" timestamp="14 Dec 2021 10:10:42 GMT" skipped="0">
  <testcase classname="com.sample.test.demo.tests.DemoTest" name="demoTest" time="0.018"/>
</testsuite> <!-- com.sample.test.demo.tests.DemoTest -->
