<?xml version="1.0" encoding="UTF-8"?>
<!-- Generated by org.testng.reporters.JUnitReportReporter -->
<testsuite hostname="DESKTOP-8OKUT90" failures="0" tests="1" name="com.sample.test.demo.tests.PizzaPlaceOrderWithoutDetailsTest" time="1.007" errors="0" timestamp="14 Dec 2021 12:15:34 GMT" skipped="0">
  <testcase classname="com.sample.test.demo.tests.PizzaPlaceOrderWithoutDetailsTest" name="verifyErrorMsgOnInvalidDetails" time="1.007"/>
</testsuite> <!-- com.sample.test.demo.tests.PizzaPlaceOrderWithoutDetailsTest -->
